<?xml version="1.0" encoding="UTF-8"?>
<coverage generated="1717148523659" clover="3.2.0">
  <project timestamp="1717148523659" name="All files">
    <metrics statements="33" coveredstatements="33" conditionals="3" coveredconditionals="3" methods="6" coveredmethods="6" elements="42" coveredelements="42" complexity="0" loc="33" ncloc="33" packages="2" files="3" classes="3"/>
    <package name="ShoppingBasket">
      <metrics statements="27" coveredstatements="27" conditionals="3" coveredconditionals="3" methods="5" coveredmethods="5"/>
      <file name="ShoppingBasket.ts" path="/Users/cata/Documents/education/Programming/Practice/JavaScript/practice-environment/problems/ShoppingBasket/ShoppingBasket.ts">
        <metrics statements="27" coveredstatements="27" conditionals="3" coveredconditionals="3" methods="5" coveredmethods="5"/>
        <line num="15" count="1" type="stmt"/>
        <line num="17" count="1" type="stmt"/>
        <line num="20" count="1" type="stmt"/>
        <line num="21" count="1" type="stmt"/>
        <line num="24" count="1" type="stmt"/>
        <line num="25" count="1" type="stmt"/>
        <line num="26" count="1" type="stmt"/>
        <line num="28" count="1" type="stmt"/>
        <line num="32" count="1" type="stmt"/>
        <line num="33" count="5" type="stmt"/>
        <line num="35" count="5" type="cond" truecount="2" falsecount="0"/>
        <line num="36" count="3" type="stmt"/>
        <line num="38" count="2" type="stmt"/>
        <line num="44" count="1" type="stmt"/>
        <line num="45" count="1" type="stmt"/>
        <line num="46" count="20" type="stmt"/>
        <line num="49" count="20" type="cond" truecount="1" falsecount="0"/>
        <line num="50" count="2" type="stmt"/>
        <line num="55" count="2" type="stmt"/>
        <line num="58" count="1" type="stmt"/>
        <line num="62" count="1" type="stmt"/>
        <line num="68" count="1" type="stmt"/>
        <line num="69" count="2" type="stmt"/>
        <line num="70" count="2" type="stmt"/>
        <line num="71" count="2" type="stmt"/>
        <line num="72" count="2" type="stmt"/>
        <line num="74" count="1" type="stmt"/>
      </file>
    </package>
    <package name="ShoppingBasket.__tests__.helpers">
      <metrics statements="6" coveredstatements="6" conditionals="0" coveredconditionals="0" methods="1" coveredmethods="1"/>
      <file name="constants.ts" path="/Users/cata/Documents/education/Programming/Practice/JavaScript/practice-environment/problems/ShoppingBasket/__tests__/helpers/constants.ts">
        <metrics statements="1" coveredstatements="1" conditionals="0" coveredconditionals="0" methods="0" coveredmethods="0"/>
        <line num="1" count="1" type="stmt"/>
      </file>
      <file name="getProductsFromDatabase.ts" path="/Users/cata/Documents/education/Programming/Practice/JavaScript/practice-environment/problems/ShoppingBasket/__tests__/helpers/getProductsFromDatabase.ts">
        <metrics statements="5" coveredstatements="5" conditionals="0" coveredconditionals="0" methods="1" coveredmethods="1"/>
        <line num="1" count="1" type="stmt"/>
        <line num="3" count="1" type="stmt"/>
        <line num="4" count="1" type="stmt"/>
        <line num="5" count="1" type="stmt"/>
        <line num="6" count="1" type="stmt"/>
      </file>
    </package>
  </project>
</coverage>
