<?xml version="1.0" encoding="UTF-8"?>
<coverage generated="1717151263033" clover="3.2.0">
  <project timestamp="1717151263033" name="All files">
    <metrics statements="36" coveredstatements="36" conditionals="3" coveredconditionals="3" methods="6" coveredmethods="6" elements="45" coveredelements="45" complexity="0" loc="36" ncloc="36" packages="2" files="3" classes="3"/>
    <package name="ShoppingBasket">
      <metrics statements="30" coveredstatements="30" conditionals="3" coveredconditionals="3" methods="5" coveredmethods="5"/>
      <file name="ShoppingBasket.ts" path="/Users/cata/Documents/education/Programming/Practice/JavaScript/practice-environment/problems/ShoppingBasket/ShoppingBasket.ts">
        <metrics statements="30" coveredstatements="30" conditionals="3" coveredconditionals="3" methods="5" coveredmethods="5"/>
        <line num="3" count="1" type="stmt"/>
        <line num="5" count="1" type="stmt"/>
        <line num="8" count="1" type="stmt"/>
        <line num="9" count="1" type="stmt"/>
        <line num="12" count="1" type="stmt"/>
        <line num="13" count="1" type="stmt"/>
        <line num="14" count="1" type="stmt"/>
        <line num="16" count="1" type="stmt"/>
        <line num="20" count="1" type="stmt"/>
        <line num="22" count="5" type="stmt"/>
        <line num="24" count="5" type="cond" truecount="2" falsecount="0"/>
        <line num="25" count="3" type="stmt"/>
        <line num="27" count="2" type="stmt"/>
        <line num="33" count="1" type="stmt"/>
        <line num="34" count="1" type="stmt"/>
        <line num="35" count="20" type="stmt"/>
        <line num="38" count="20" type="cond" truecount="1" falsecount="0"/>
        <line num="39" count="2" type="stmt"/>
        <line num="43" count="2" type="stmt"/>
        <line num="46" count="1" type="stmt"/>
        <line num="50" count="1" type="stmt"/>
        <line num="56" count="1" type="stmt"/>
        <line num="57" count="2" type="stmt"/>
        <line num="58" count="2" type="stmt"/>
        <line num="59" count="2" type="stmt"/>
        <line num="60" count="2" type="stmt"/>
        <line num="62" count="1" type="stmt"/>
        <line num="68" count="25" type="stmt"/>
        <line num="72" count="2" type="stmt"/>
        <line num="77" count="2" type="stmt"/>
      </file>
    </package>
    <package name="ShoppingBasket.__tests__.helpers">
      <metrics statements="6" coveredstatements="6" conditionals="0" coveredconditionals="0" methods="1" coveredmethods="1"/>
      <file name="constants.ts" path="/Users/cata/Documents/education/Programming/Practice/JavaScript/practice-environment/problems/ShoppingBasket/__tests__/helpers/constants.ts">
        <metrics statements="1" coveredstatements="1" conditionals="0" coveredconditionals="0" methods="0" coveredmethods="0"/>
        <line num="1" count="1" type="stmt"/>
      </file>
      <file name="getProductsFromDatabase.ts" path="/Users/cata/Documents/education/Programming/Practice/JavaScript/practice-environment/problems/ShoppingBasket/__tests__/helpers/getProductsFromDatabase.ts">
        <metrics statements="5" coveredstatements="5" conditionals="0" coveredconditionals="0" methods="1" coveredmethods="1"/>
        <line num="1" count="1" type="stmt"/>
        <line num="3" count="1" type="stmt"/>
        <line num="4" count="1" type="stmt"/>
        <line num="5" count="1" type="stmt"/>
        <line num="6" count="1" type="stmt"/>
      </file>
    </package>
  </project>
</coverage>
