{"/Users/cata/Documents/education/Programming/Practice/JavaScript/practice-environment/problems/ShoppingBasket/ProductsDatabase.ts": {"path":"/Users/cata/Documents/education/Programming/Practice/JavaScript/practice-environment/problems/ShoppingBasket/ProductsDatabase.ts","statementMap":{"0":{"start":{"line":5,"column":4},"end":{"line":10,"column":5}},"1":{"start":{"line":6,"column":23},"end":{"line":6,"column":58}},"2":{"start":{"line":7,"column":6},"end":{"line":7,"column":22}},"3":{"start":{"line":9,"column":6},"end":{"line":9,"column":62}},"4":{"start":{"line":14,"column":20},"end":{"line":14,"column":36}},"5":{"start":{"line":15,"column":32},"end":{"line":15,"column":52}},"6":{"start":{"line":16,"column":4},"end":{"line":16,"column":20}},"7":{"start":{"line":3,"column":0},"end":{"line":3,"column":21}}},"fnMap":{"0":{"name":"(anonymous_0)","decl":{"start":{"line":4,"column":2},"end":{"line":4,"column":7}},"loc":{"start":{"line":4,"column":31},"end":{"line":11,"column":3}}}},"branchMap":{},"s":{"0":1,"1":1,"2":1,"3":0,"4":1,"5":1,"6":1,"7":1},"f":{"0":1},"b":{}}
,"/Users/cata/Documents/education/Programming/Practice/JavaScript/practice-environment/problems/ShoppingBasket/__tests__/helpers/constants.ts": {"path":"/Users/cata/Documents/education/Programming/Practice/JavaScript/practice-environment/problems/ShoppingBasket/__tests__/helpers/constants.ts","statementMap":{"0":{"start":{"line":1,"column":13},"end":{"line":2,"column":111}}},"fnMap":{},"branchMap":{},"s":{"0":1},"f":{},"b":{}}
}
