{"/Users/cata/Documents/education/Programming/Practice/JavaScript/practice-environment/problems/findOddStudent/findOddStudent.ts": {"path":"/Users/cata/Documents/education/Programming/Practice/JavaScript/practice-environment/problems/findOddStudent/findOddStudent.ts","statementMap":{"0":{"start":{"line":3,"column":4},"end":{"line":3,"column":33}},"1":{"start":{"line":6,"column":22},"end":{"line":6,"column":39}},"2":{"start":{"line":7,"column":26},"end":{"line":7,"column":27}},"3":{"start":{"line":8,"column":25},"end":{"line":8,"column":27}},"4":{"start":{"line":11,"column":4},"end":{"line":11,"column":49}},"5":{"start":{"line":15,"column":4},"end":{"line":15,"column":42}},"6":{"start":{"line":19,"column":4},"end":{"line":24,"column":7}},"7":{"start":{"line":20,"column":6},"end":{"line":23,"column":7}},"8":{"start":{"line":21,"column":8},"end":{"line":21,"column":43}},"9":{"start":{"line":22,"column":8},"end":{"line":22,"column":39}},"10":{"start":{"line":25,"column":4},"end":{"line":25,"column":30}},"11":{"start":{"line":1,"column":0},"end":{"line":1,"column":13}}},"fnMap":{"0":{"name":"(anonymous_0)","decl":{"start":{"line":2,"column":2},"end":{"line":2,"column":14}},"loc":{"start":{"line":2,"column":34},"end":{"line":4,"column":3}}},"1":{"name":"(anonymous_1)","decl":{"start":{"line":18,"column":2},"end":{"line":18,"column":16}},"loc":{"start":{"line":18,"column":16},"end":{"line":26,"column":3}}},"2":{"name":"(anonymous_2)","decl":{"start":{"line":19,"column":28},"end":{"line":19,"column":29}},"loc":{"start":{"line":19,"column":42},"end":{"line":24,"column":5}}}},"branchMap":{"0":{"loc":{"start":{"line":20,"column":6},"end":{"line":23,"column":7}},"type":"if","locations":[{"start":{"line":20,"column":6},"end":{"line":23,"column":7}}]}},"s":{"0":1,"1":1,"2":1,"3":1,"4":5,"5":3,"6":1,"7":5,"8":3,"9":3,"10":1,"11":1},"f":{"0":1,"1":1,"2":5},"b":{"0":[3]}}
}
