TN:
SF:problems/ShoppingBasket/ShoppingBasket.ts
FN:4,(anonymous_0)
FN:11,(anonymous_1)
FN:20,(anonymous_2)
FN:34,(anonymous_3)
FN:56,(anonymous_4)
FNF:5
FNH:5
FNDA:1,(anonymous_0)
FNDA:1,(anonymous_1)
FNDA:5,(anonymous_2)
FNDA:20,(anonymous_3)
FNDA:2,(anonymous_4)
DA:3,1
DA:5,1
DA:8,1
DA:9,1
DA:12,1
DA:13,1
DA:14,1
DA:16,1
DA:20,1
DA:22,5
DA:24,5
DA:25,3
DA:27,2
DA:33,1
DA:34,1
DA:35,20
DA:38,20
DA:39,2
DA:43,2
DA:46,1
DA:50,1
DA:56,1
DA:57,2
DA:58,2
DA:59,2
DA:60,2
DA:62,1
DA:68,25
DA:72,2
DA:77,2
LF:30
LH:30
BRDA:24,0,0,3
BRDA:24,0,1,2
BRDA:38,1,0,2
BRF:3
BRH:3
end_of_record
TN:
SF:problems/ShoppingBasket/__tests__/helpers/constants.ts
FNF:0
FNH:0
DA:1,1
LF:1
LH:1
BRF:0
BRH:0
end_of_record
TN:
SF:problems/ShoppingBasket/__tests__/helpers/getProductsFromDatabase.ts
FN:3,getProductsFromDatabase
FNF:1
FNH:1
FNDA:1,getProductsFromDatabase
DA:1,1
DA:3,1
DA:4,1
DA:5,1
DA:6,1
LF:5
LH:5
BRF:0
BRH:0
end_of_record
