TN:
SF:problems/ShoppingBasket/ShoppingBasket.ts
FN:16,(anonymous_0)
FN:22,(anonymous_1)
FN:32,(anonymous_2)
FN:55,(anonymous_3)
FNF:4
FNH:4
FNDA:1,(anonymous_0)
FNDA:1,(anonymous_1)
FNDA:20,(anonymous_2)
FNDA:5,(anonymous_3)
DA:15,1
DA:17,1
DA:20,1
DA:24,1
DA:26,1
DA:31,1
DA:33,20
DA:36,20
DA:37,2
DA:42,2
DA:43,2
DA:45,20
DA:50,1
DA:54,1
DA:55,1
DA:56,5
DA:58,5
DA:59,3
DA:61,2
DA:64,1
LF:20
LH:20
BRDA:36,0,0,2
BRDA:58,1,0,3
BRDA:58,1,1,2
BRF:3
BRH:3
end_of_record
TN:
SF:problems/ShoppingBasket/__tests__/helpers/constants.ts
FNF:0
FNH:0
DA:1,1
LF:1
LH:1
BRF:0
BRH:0
end_of_record
TN:
SF:problems/ShoppingBasket/__tests__/helpers/getProductsFromDatabase.ts
FN:3,getProductsFromDatabase
FNF:1
FNH:1
FNDA:1,getProductsFromDatabase
DA:1,1
DA:3,1
DA:4,1
DA:5,1
DA:6,1
LF:5
LH:5
BRF:0
BRH:0
end_of_record
